
ROM used:   869/8192 (11%)
            869/8192 (11%) including unused fragments

            0.7 Average locations per line
            5.6 Average locations per statement

RAM used:   29/368 (8%) at main() level
            54/368 (15%) worst case

Stack used: 1 worst case (0 in main + 1 for interrupts)
Stack size: 8

Lines Stmts  %   Files
----- ----- ---  -----
   99    38  25  proje2.c
   10     0   0  proje2.h
  661     0   0  ..\..\..\Program Files (x86)\PICC\Devices\16F877A.h
  456   117  75  ..\..\..\Program Files (x86)\PICC\Drivers\lcd.c
----- -----
 1226   155 Total

Page ROM  %  RAM   Vol Diff  Functions:
---- --- --- ---   --- ----  ----------
0     21   2    1             @delay_ms1
0     37   4    0   197  4.4  AD_isr
0     49   6    0   126  2.1  TIMER1_isr
 Inline         5             @MUL1616
0      8   1    0             @const640
 Inline         3   760  4.5  lcd_read_byte
0     49   6    2   262  3.7  lcd_read_nibble
0     47   5    1   399  2.4  lcd_send_nibble
0    104  12    3   415  3.7  lcd_send_byte
0     67   8    2   704  5.0  lcd_init
0     18   2    4   208  6.3  lcd_gotoxy
0     44   5    1   354  4.7  lcd_putc
0    140  16    0   580  3.3  MAIN
0      5   1    0             @const675
0     84  10    5             @PSTRINGCN7_660
0    128  15    9             @PRINTF_LD_660
0      5   1    0             @const680
0      5   1    0             @const681
 Inline         0             @cinit1

Program metrics:
    Functions               10
    Statements              155
    Comments                264
    Volume (V)              6319
    Difficulty (D)          39.5
    Effort to implement (E) 249464
    Time to implement (T)   3 hours, 51 minutes
    Est Delivered Bugs (B)  1
    Cyclomatic Complexity   13
    Maintainability (MI)    142

 Segment     Used  Free
-----------  ----  ----
00000-00003     4  0  
00004-00039    54  0  
0003A-007FF   811  1179  
00800-00FFF     0  2048  
01000-017FF     0  2048  
01800-01FFF     0  2048  



